<?xml version="1.0" encoding="UTF-8"?>
<TestRun id="78718d2b-6e95-43c3-a427-8a443099e84b" name="s.g.yu7h@INAGFFPTEC161W 2014-01-22 21:15:35" runUser="CORP\s.g.yu7h" xmlns="http://microsoft.com/schemas/VisualStudio/TeamTest/2010">
  <TestSettings name="Local" id="1747497b-b63c-46c6-9bbd-9937f9080ad4">
    <Description>These are default test settings for a local test run.</Description>
    <Deployment runDeploymentRoot="s.g.yu7h_INAGFFPTEC161W 2014-01-22 21_15_35">
      <DeploymentItem filename="GCMS_TestProject\bin\XML\Beta1.xml" />
      <DeploymentItem filename="GCMS_TestProject\bin\XML\GCMS-Live.xml" />
      <DeploymentItem filename="D:\github\GCMS_TestProject\GCMS_TestProject\bin\Debug\WebDriver.dll" />
      <DeploymentItem filename="GCMS_TestProject\bin\XML\HotelPricer.xml" />
      <DeploymentItem filename="D:\github\GCMS_TestProject\GCMS_TestProject\bin\Debug\WebDriver.Support.dll" />
      <DeploymentItem filename="D:\github\GCMS_TestProject\GCMS_TestProject\bin\Debug\Selenium.WebDriverBackedSelenium.dll" />
      <DeploymentItem filename="GCMS_TestProject\Library\BrowserExe\chromedriver.exe" />
      <DeploymentItem filename="GCMS_TestProject\Library\BrowserExe\IEDriverServer.exe" />
      <DeploymentItem filename="D:\github\GCMS_TestProject\GCMS_TestProject\bin\Debug\ThoughtWorks.Selenium.Core.dll" />
    </Deployment>
    <Execution>
      <TestTypeSpecific>
        <UnitTestRunConfig testTypeId="13cdc9d9-ddb5-4fa4-a97d-d965ccfc6d4b">
          <AssemblyResolution>
            <TestDirectory useLoadContext="true" />
          </AssemblyResolution>
        </UnitTestRunConfig>
      </TestTypeSpecific>
      <AgentRule name="Execution Agents">
      </AgentRule>
    </Execution>
  </TestSettings>
  <Times creation="2014-01-22T21:15:35.6573133+05:30" queuing="2014-01-22T21:15:38.3795855+05:30" start="2014-01-22T21:15:38.5125988+05:30" finish="2014-01-22T21:19:54.9615914+05:30" />
  <ResultSummary outcome="Error">
    <Counters total="1" executed="1" error="0" failed="0" timeout="0" aborted="1" inconclusive="0" passedButRunAborted="0" notRunnable="0" notExecuted="0" disconnected="0" warning="0" passed="0" completed="0" inProgress="0" pending="0" />
    <RunInfos>
      <RunInfo computerName="INAGFFPTEC161W" outcome="Warning" timestamp="2014-01-22T21:15:36.9384414+05:30">
        <Text>Warning: conflict during test run deployment: deployment item 'GCMS_TestProject\AppData\ForHTML_ModuleGCMS.csv' specified by the test 'GCMS_TestProject.TestCases.AutomatedTestForGCMS_Live.ForHTML_ModuleGCMS' cannot be deployed to 'ForHTML_ModuleGCMS.csv' because otherwise the file 'D:\github\GCMS_TestProject\GCMS_TestProject\AppData\ForHTML_ModuleGCMS.csv' would overwrite deployment item 'GCMS_TestProject\ForHTML_ModuleGCMS.csv' specified by the test 'GCMS_TestProject.TestCases.AutomatedTestForGCMS_Live.ForHTML_ModuleGCMS'.</Text>
      </RunInfo>
      <RunInfo computerName="INAGFFPTEC161W" outcome="Error" timestamp="2014-01-22T21:19:54.9605922+05:30">
        <Text>Test host process exited unexpectedly.</Text>
      </RunInfo>
    </RunInfos>
  </ResultSummary>
  <TestDefinitions>
    <UnitTest name="ForHTML_ModuleGCMS" storage="d:\github\gcms_testproject\gcms_testproject\bin\debug\gcms_testproject.dll" id="383afe63-c9e2-3073-53c2-c4f08d692dc0">
      <DeploymentItems>
        <DeploymentItem filename="GCMS_TestProject\ForHTML_ModuleGCMS.csv" />
        <DeploymentItem filename="Eclips\ForHTML_Module.csv" />
        <DeploymentItem filename="GCMS_TestProject\AppData\ForHTML_ModuleGCMS.csv" />
        <DeploymentItem filename="GCMS_TestProject\ForHTML_Module.csv" />
      </DeploymentItems>
      <Execution id="0200d8ba-ec01-4d23-b042-5c11602697c4" />
      <TestMethod codeBase="D:/github/GCMS_TestProject/GCMS_TestProject/bin/Debug/GCMS_TestProject.DLL" adapterTypeName="Microsoft.VisualStudio.TestTools.TestTypes.Unit.UnitTestAdapter, Microsoft.VisualStudio.QualityTools.Tips.UnitTest.Adapter, Version=10.0.0.0, Culture=neutral, PublicKeyToken=b03f5f7f11d50a3a" className="GCMS_TestProject.TestCases.AutomatedTestForGCMS_Live, GCMS_TestProject, Version=1.0.0.0, Culture=neutral, PublicKeyToken=null" name="ForHTML_ModuleGCMS" />
      <DataSource connectionString="|DataDirectory|\ForHTML_ModuleGCMS.csv" providerInvariantName="Microsoft.VisualStudio.TestTools.DataSource.CSV" tableName="ForHTML_ModuleGCMS#csv" />
    </UnitTest>
  </TestDefinitions>
  <TestLists>
    <TestList name="Results Not in a List" id="8c84fa94-04c1-424b-9868-57a2d4851a1d" />
    <TestList name="All Loaded Results" id="19431567-8539-422a-85d7-44ee4e166bda" />
  </TestLists>
  <TestEntries>
    <TestEntry testId="383afe63-c9e2-3073-53c2-c4f08d692dc0" executionId="0200d8ba-ec01-4d23-b042-5c11602697c4" testListId="8c84fa94-04c1-424b-9868-57a2d4851a1d" />
  </TestEntries>
  <Results>
    <UnitTestResult executionId="0200d8ba-ec01-4d23-b042-5c11602697c4" testId="383afe63-c9e2-3073-53c2-c4f08d692dc0" testName="ForHTML_ModuleGCMS" computerName="INAGFFPTEC161W" duration="00:04:16.3459823" startTime="2014-01-22T21:15:38.6156091+05:30" endTime="2014-01-22T21:19:54.9615914+05:30" testType="13cdc9d9-ddb5-4fa4-a97d-d965ccfc6d4b" outcome="Aborted" testListId="8c84fa94-04c1-424b-9868-57a2d4851a1d" relativeResultsDirectory="0200d8ba-ec01-4d23-b042-5c11602697c4">
    </UnitTestResult>
  </Results>
</TestRun>