<?xml version="1.0" encoding="UTF-8"?>
<TestRun id="d970d33a-ca48-483e-9a90-82cf5d41d353" name="s.g.yu7h@INAGFFPTEC161W 2014-01-22 20:52:27" runUser="CORP\s.g.yu7h" xmlns="http://microsoft.com/schemas/VisualStudio/TeamTest/2010">
  <TestSettings name="Local" id="1747497b-b63c-46c6-9bbd-9937f9080ad4">
    <Description>These are default test settings for a local test run.</Description>
    <Deployment runDeploymentRoot="s.g.yu7h_INAGFFPTEC161W 2014-01-22 20_52_27">
      <DeploymentItem filename="GCMS_TestProject\bin\XML\Beta1.xml" />
      <DeploymentItem filename="GCMS_TestProject\bin\XML\GCMS-Live.xml" />
      <DeploymentItem filename="D:\github\GCMS_TestProject\GCMS_TestProject\bin\Debug\WebDriver.dll" />
      <DeploymentItem filename="GCMS_TestProject\bin\XML\HotelPricer.xml" />
      <DeploymentItem filename="D:\github\GCMS_TestProject\GCMS_TestProject\bin\Debug\WebDriver.Support.dll" />
      <DeploymentItem filename="D:\github\GCMS_TestProject\GCMS_TestProject\bin\Debug\Selenium.WebDriverBackedSelenium.dll" />
      <DeploymentItem filename="GCMS_TestProject\Library\BrowserExe\chromedriver.exe" />
      <DeploymentItem filename="GCMS_TestProject\Library\BrowserExe\IEDriverServer.exe" />
      <DeploymentItem filename="D:\github\GCMS_TestProject\GCMS_TestProject\bin\Debug\ThoughtWorks.Selenium.Core.dll" />
    </Deployment>
    <Execution>
      <TestTypeSpecific>
        <UnitTestRunConfig testTypeId="13cdc9d9-ddb5-4fa4-a97d-d965ccfc6d4b">
          <AssemblyResolution>
            <TestDirectory useLoadContext="true" />
          </AssemblyResolution>
        </UnitTestRunConfig>
      </TestTypeSpecific>
      <AgentRule name="Execution Agents">
      </AgentRule>
    </Execution>
  </TestSettings>
  <Times creation="2014-01-22T20:52:27.4485063+05:30" queuing="2014-01-22T20:52:29.5417156+05:30" start="2014-01-22T20:52:29.7237338+05:30" finish="2014-01-22T20:56:34.3561946+05:30" />
  <ResultSummary outcome="Error">
    <Counters total="4" executed="3" passed="2" error="0" failed="0" timeout="0" aborted="1" inconclusive="0" passedButRunAborted="0" notRunnable="0" notExecuted="0" disconnected="0" warning="0" completed="0" inProgress="0" pending="0" />
    <RunInfos>
      <RunInfo computerName="INAGFFPTEC161W" outcome="Error" timestamp="2014-01-22T20:56:34.3521942+05:30">
        <Text>Test host process exited unexpectedly.</Text>
      </RunInfo>
    </RunInfos>
  </ResultSummary>
  <TestDefinitions>
    <UnitTest name="ForHTML_ModuleGCMS" storage="d:\github\gcms_testproject\gcms_testproject\bin\debug\gcms_testproject.dll" id="383afe63-c9e2-3073-53c2-c4f08d692dc0">
      <DeploymentItems>
        <DeploymentItem filename="GCMS_TestProject\ForHTML_ModuleGCMS.csv" />
        <DeploymentItem filename="Eclips\ForHTML_Module.csv" />
        <DeploymentItem filename="GCMS_TestProject\ForHTML_Module.csv" />
      </DeploymentItems>
      <TestMethod codeBase="D:/github/GCMS_TestProject/GCMS_TestProject/bin/Debug/GCMS_TestProject.DLL" adapterTypeName="Microsoft.VisualStudio.TestTools.TestTypes.Unit.UnitTestAdapter, Microsoft.VisualStudio.QualityTools.Tips.UnitTest.Adapter, Version=10.0.0.0, Culture=neutral, PublicKeyToken=b03f5f7f11d50a3a" className="GCMS_TestProject.TestCases.AutomatedTestForGCMS_Live, GCMS_TestProject, Version=1.0.0.0, Culture=neutral, PublicKeyToken=null" name="ForHTML_ModuleGCMS" />
      <DataSource connectionString="|DataDirectory|\ForHTML_ModuleGCMS.csv" providerInvariantName="Microsoft.VisualStudio.TestTools.DataSource.CSV" tableName="ForHTML_ModuleGCMS#csv" />
    </UnitTest>
    <OrderedTest name="orderedtestforgcms" storage="d:\github\gcms_testproject\gcms_testproject\testcases\gcms\gcms-live\orderedtestforgcms.orderedtest" id="979fbc39-7dfe-4de8-a70c-58cd2a866c7c">
      <Execution id="90f4fbd1-681d-41d5-95de-037b21acb27b" />
      <TestLinks>
        <TestLink id="85ff564a-a662-f674-01b1-acd2beacebc4" name="JustToSignInOnlyGCMS" storage="..\..\..\bin\debug\gcms_testproject.dll" type="Microsoft.VisualStudio.TestTools.TestTypes.Unit.UnitTestElement, Microsoft.VisualStudio.QualityTools.Tips.UnitTest.ObjectModel, Version=10.0.0.0, Culture=neutral, PublicKeyToken=b03f5f7f11d50a3a" />
        <TestLink id="383afe63-c9e2-3073-53c2-c4f08d692dc0" name="ForHTML_ModuleGCMS" storage="..\..\..\bin\debug\gcms_testproject.dll" type="Microsoft.VisualStudio.TestTools.TestTypes.Unit.UnitTestElement, Microsoft.VisualStudio.QualityTools.Tips.UnitTest.ObjectModel, Version=10.0.0.0, Culture=neutral, PublicKeyToken=b03f5f7f11d50a3a" />
        <TestLink id="12b40025-3fad-e350-3381-7232d4c809c6" name="ForRSSFeedGCMS" storage="..\..\..\bin\debug\gcms_testproject.dll" type="Microsoft.VisualStudio.TestTools.TestTypes.Unit.UnitTestElement, Microsoft.VisualStudio.QualityTools.Tips.UnitTest.ObjectModel, Version=10.0.0.0, Culture=neutral, PublicKeyToken=b03f5f7f11d50a3a" />
      </TestLinks>
    </OrderedTest>
    <UnitTest name="JustToSignInOnlyGCMS" storage="d:\github\gcms_testproject\gcms_testproject\bin\debug\gcms_testproject.dll" id="85ff564a-a662-f674-01b1-acd2beacebc4">
      <DeploymentItems>
        <DeploymentItem filename="GCMS_TestProject\ForHTML_ModuleGCMS.csv" />
      </DeploymentItems>
      <TestMethod codeBase="D:/github/GCMS_TestProject/GCMS_TestProject/bin/Debug/GCMS_TestProject.DLL" adapterTypeName="Microsoft.VisualStudio.TestTools.TestTypes.Unit.UnitTestAdapter, Microsoft.VisualStudio.QualityTools.Tips.UnitTest.Adapter, Version=10.0.0.0, Culture=neutral, PublicKeyToken=b03f5f7f11d50a3a" className="GCMS_TestProject.TestCases.AutomatedTestForGCMS_Live, GCMS_TestProject, Version=1.0.0.0, Culture=neutral, PublicKeyToken=null" name="JustToSignInOnlyGCMS" />
      <DataSource connectionString="|DataDirectory|\ForHTML_ModuleGCMS.csv" providerInvariantName="Microsoft.VisualStudio.TestTools.DataSource.CSV" tableName="ForHTML_ModuleGCMS#csv" />
    </UnitTest>
    <UnitTest name="ForRSSFeedGCMS" storage="d:\github\gcms_testproject\gcms_testproject\bin\debug\gcms_testproject.dll" id="12b40025-3fad-e350-3381-7232d4c809c6">
      <DeploymentItems>
        <DeploymentItem filename="GCMS_TestProject\ForRSSFeed.csv" />
        <DeploymentItem filename="Eclips\ForRSSFeed.csv" />
        <DeploymentItem filename="GCMS_TestProject\ForRSSFeedGCMS.csv" />
      </DeploymentItems>
      <TestMethod codeBase="D:/github/GCMS_TestProject/GCMS_TestProject/bin/Debug/GCMS_TestProject.DLL" adapterTypeName="Microsoft.VisualStudio.TestTools.TestTypes.Unit.UnitTestAdapter, Microsoft.VisualStudio.QualityTools.Tips.UnitTest.Adapter, Version=10.0.0.0, Culture=neutral, PublicKeyToken=b03f5f7f11d50a3a" className="GCMS_TestProject.TestCases.AutomatedTestForGCMS_Live, GCMS_TestProject, Version=1.0.0.0, Culture=neutral, PublicKeyToken=null" name="ForRSSFeedGCMS" />
      <DataSource connectionString="|DataDirectory|\ForRSSFeedGCMS.csv" providerInvariantName="Microsoft.VisualStudio.TestTools.DataSource.CSV" tableName="ForRSSFeedGCMS#csv" />
    </UnitTest>
  </TestDefinitions>
  <TestLists>
    <TestList name="Results Not in a List" id="8c84fa94-04c1-424b-9868-57a2d4851a1d" />
    <TestList name="All Loaded Results" id="19431567-8539-422a-85d7-44ee4e166bda" />
  </TestLists>
  <TestEntries>
    <TestEntry testId="979fbc39-7dfe-4de8-a70c-58cd2a866c7c" executionId="90f4fbd1-681d-41d5-95de-037b21acb27b" testListId="8c84fa94-04c1-424b-9868-57a2d4851a1d">
      <TestEntries>
        <TestEntry testId="85ff564a-a662-f674-01b1-acd2beacebc4" executionId="0640aa5a-33a6-4d46-86d1-af8a8e635692" parentExecutionId="90f4fbd1-681d-41d5-95de-037b21acb27b" testListId="8c84fa94-04c1-424b-9868-57a2d4851a1d" />
        <TestEntry testId="383afe63-c9e2-3073-53c2-c4f08d692dc0" executionId="c1c81d61-cea4-437a-81be-2cee516f2785" parentExecutionId="90f4fbd1-681d-41d5-95de-037b21acb27b" testListId="8c84fa94-04c1-424b-9868-57a2d4851a1d" />
        <TestEntry testId="12b40025-3fad-e350-3381-7232d4c809c6" executionId="920f8e0f-8f8f-4c00-ac50-aa30dcaee397" parentExecutionId="90f4fbd1-681d-41d5-95de-037b21acb27b" testListId="8c84fa94-04c1-424b-9868-57a2d4851a1d" />
      </TestEntries>
    </TestEntry>
  </TestEntries>
  <Results>
    <TestResultAggregation executionId="90f4fbd1-681d-41d5-95de-037b21acb27b" testId="979fbc39-7dfe-4de8-a70c-58cd2a866c7c" testName="orderedtestforgcms" computerName="INAGFFPTEC161W" duration="00:04:03.4253401" startTime="2014-01-22T20:52:30.9308545+05:30" endTime="2014-01-22T20:56:34.3561946+05:30" testType="ec4800e8-40e5-4ab3-8510-b8bf29b1904d" outcome="Aborted" testListId="8c84fa94-04c1-424b-9868-57a2d4851a1d" relativeResultsDirectory="90f4fbd1-681d-41d5-95de-037b21acb27b">
      <Counters error="0" failed="0" timeout="0" aborted="0" inconclusive="0" passedButRunAborted="0" notRunnable="0" notExecuted="0" disconnected="0" warning="0" passed="2" completed="0" inProgress="0" pending="2" />
      <InnerResults>
        <UnitTestResult executionId="0640aa5a-33a6-4d46-86d1-af8a8e635692" parentExecutionId="90f4fbd1-681d-41d5-95de-037b21acb27b" testId="85ff564a-a662-f674-01b1-acd2beacebc4" testName="JustToSignInOnlyGCMS" computerName="INAGFFPTEC161W" duration="00:00:33.2551687" startTime="2014-01-22T20:52:31.3658980+05:30" endTime="2014-01-22T20:53:06.4774088+05:30" testType="13cdc9d9-ddb5-4fa4-a97d-d965ccfc6d4b" outcome="Passed" testListId="8c84fa94-04c1-424b-9868-57a2d4851a1d" relativeResultsDirectory="0640aa5a-33a6-4d46-86d1-af8a8e635692" resultType="DataDrivenTest">
          <Output>
          </Output>
          <Counters error="0" failed="0" timeout="0" aborted="0" inconclusive="0" passedButRunAborted="0" notRunnable="0" notExecuted="0" disconnected="0" warning="0" passed="1" completed="0" inProgress="0" pending="0" />
          <InnerResults>
            <UnitTestResult executionId="fbb40e90-0779-4e8c-9b82-99e8a2b6f269" parentExecutionId="0640aa5a-33a6-4d46-86d1-af8a8e635692" testId="85ff564a-a662-f674-01b1-acd2beacebc4" testName="JustToSignInOnlyGCMS" computerName="INAGFFPTEC161W" duration="00:00:32.8479067" startTime="2014-01-22T20:52:33.5881202+05:30" endTime="2014-01-22T20:53:06.4464057+05:30" testType="13cdc9d9-ddb5-4fa4-a97d-d965ccfc6d4b" outcome="Passed" testListId="8c84fa94-04c1-424b-9868-57a2d4851a1d" relativeResultsDirectory="0640aa5a-33a6-4d46-86d1-af8a8e635692" dataRowInfo="0" resultType="DataDrivenDataRow" />
          </InnerResults>
        </UnitTestResult>
        <TestResult executionId="c1c81d61-cea4-437a-81be-2cee516f2785" parentExecutionId="90f4fbd1-681d-41d5-95de-037b21acb27b" testId="383afe63-c9e2-3073-53c2-c4f08d692dc0" testName="ForHTML_ModuleGCMS" computerName="INAGFFPTEC161W" testType="13cdc9d9-ddb5-4fa4-a97d-d965ccfc6d4b" outcome="Pending" testListId="8c84fa94-04c1-424b-9868-57a2d4851a1d" relativeResultsDirectory="c1c81d61-cea4-437a-81be-2cee516f2785" />
        <TestResult executionId="920f8e0f-8f8f-4c00-ac50-aa30dcaee397" parentExecutionId="90f4fbd1-681d-41d5-95de-037b21acb27b" testId="12b40025-3fad-e350-3381-7232d4c809c6" testName="ForRSSFeedGCMS" computerName="INAGFFPTEC161W" testType="13cdc9d9-ddb5-4fa4-a97d-d965ccfc6d4b" outcome="Pending" testListId="8c84fa94-04c1-424b-9868-57a2d4851a1d" relativeResultsDirectory="920f8e0f-8f8f-4c00-ac50-aa30dcaee397" />
      </InnerResults>
    </TestResultAggregation>
  </Results>
</TestRun>