<?xml version="1.0" encoding="UTF-8"?>
<TestRun id="a5bd372d-65d5-4909-9164-237ba2ff2303" name="s.g.yu7h@INAGFFPTEC161W 2014-01-23 10:12:44" runUser="CORP\s.g.yu7h" xmlns="http://microsoft.com/schemas/VisualStudio/TeamTest/2010">
  <TestSettings name="Local" id="1747497b-b63c-46c6-9bbd-9937f9080ad4">
    <Description>These are default test settings for a local test run.</Description>
    <Deployment runDeploymentRoot="s.g.yu7h_INAGFFPTEC161W 2014-01-23 10_12_44">
      <DeploymentItem filename="GCMS_TestProject\bin\XML\Beta1.xml" />
      <DeploymentItem filename="GCMS_TestProject\bin\XML\GCMS-Live.xml" />
      <DeploymentItem filename="D:\github\GCMS_TestProject\GCMS_TestProject\bin\Debug\WebDriver.dll" />
      <DeploymentItem filename="GCMS_TestProject\bin\XML\HotelPricer.xml" />
      <DeploymentItem filename="D:\github\GCMS_TestProject\GCMS_TestProject\bin\Debug\WebDriver.Support.dll" />
      <DeploymentItem filename="D:\github\GCMS_TestProject\GCMS_TestProject\bin\Debug\Selenium.WebDriverBackedSelenium.dll" />
      <DeploymentItem filename="GCMS_TestProject\Library\BrowserExe\chromedriver.exe" />
      <DeploymentItem filename="GCMS_TestProject\Library\BrowserExe\IEDriverServer.exe" />
      <DeploymentItem filename="D:\github\GCMS_TestProject\GCMS_TestProject\bin\Debug\ThoughtWorks.Selenium.Core.dll" />
    </Deployment>
    <Execution>
      <TestTypeSpecific>
        <UnitTestRunConfig testTypeId="13cdc9d9-ddb5-4fa4-a97d-d965ccfc6d4b">
          <AssemblyResolution>
            <TestDirectory useLoadContext="true" />
          </AssemblyResolution>
        </UnitTestRunConfig>
      </TestTypeSpecific>
      <AgentRule name="Execution Agents">
      </AgentRule>
    </Execution>
  </TestSettings>
  <Times creation="2014-01-23T10:12:44.7865335+05:30" queuing="2014-01-23T10:12:46.6165335+05:30" start="2014-01-23T10:12:46.7175335+05:30" finish="2014-01-23T10:18:37.2005335+05:30" />
  <ResultSummary outcome="Error">
    <Counters total="1" executed="1" error="0" failed="0" timeout="0" aborted="1" inconclusive="0" passedButRunAborted="0" notRunnable="0" notExecuted="0" disconnected="0" warning="0" passed="0" completed="0" inProgress="0" pending="0" />
    <RunInfos>
      <RunInfo computerName="INAGFFPTEC161W" outcome="Error" timestamp="2014-01-23T10:18:37.1995335+05:30">
        <Text>Test host process exited unexpectedly.</Text>
      </RunInfo>
    </RunInfos>
  </ResultSummary>
  <TestDefinitions>
    <UnitTest name="ForRSSFeedGCMS" storage="d:\github\gcms_testproject\gcms_testproject\bin\debug\gcms_testproject.dll" id="12b40025-3fad-e350-3381-7232d4c809c6">
      <DeploymentItems>
        <DeploymentItem filename="GCMS_TestProject\ForRSSFeed.csv" />
        <DeploymentItem filename="Eclips\ForRSSFeed.csv" />
        <DeploymentItem filename="GCMS_TestProject\ForRSSFeedGCMS.csv" />
      </DeploymentItems>
      <Execution id="bcceee5b-dba0-4880-a766-7d89430047fb" />
      <TestMethod codeBase="D:/github/GCMS_TestProject/GCMS_TestProject/bin/Debug/GCMS_TestProject.DLL" adapterTypeName="Microsoft.VisualStudio.TestTools.TestTypes.Unit.UnitTestAdapter, Microsoft.VisualStudio.QualityTools.Tips.UnitTest.Adapter, Version=10.0.0.0, Culture=neutral, PublicKeyToken=b03f5f7f11d50a3a" className="GCMS_TestProject.TestCases.AutomatedTestForGCMS_Live, GCMS_TestProject, Version=1.0.0.0, Culture=neutral, PublicKeyToken=null" name="ForRSSFeedGCMS" />
      <DataSource connectionString="|DataDirectory|\ForRSSFeedGCMS.csv" providerInvariantName="Microsoft.VisualStudio.TestTools.DataSource.CSV" tableName="ForRSSFeedGCMS#csv" />
    </UnitTest>
  </TestDefinitions>
  <TestLists>
    <TestList name="Results Not in a List" id="8c84fa94-04c1-424b-9868-57a2d4851a1d" />
    <TestList name="All Loaded Results" id="19431567-8539-422a-85d7-44ee4e166bda" />
  </TestLists>
  <TestEntries>
    <TestEntry testId="12b40025-3fad-e350-3381-7232d4c809c6" executionId="bcceee5b-dba0-4880-a766-7d89430047fb" testListId="8c84fa94-04c1-424b-9868-57a2d4851a1d" />
  </TestEntries>
  <Results>
    <UnitTestResult executionId="bcceee5b-dba0-4880-a766-7d89430047fb" testId="12b40025-3fad-e350-3381-7232d4c809c6" testName="ForRSSFeedGCMS" computerName="INAGFFPTEC161W" duration="00:05:50.3880000" startTime="2014-01-23T10:12:46.8125335+05:30" endTime="2014-01-23T10:18:37.2005335+05:30" testType="13cdc9d9-ddb5-4fa4-a97d-d965ccfc6d4b" outcome="Aborted" testListId="8c84fa94-04c1-424b-9868-57a2d4851a1d" relativeResultsDirectory="bcceee5b-dba0-4880-a766-7d89430047fb">
    </UnitTestResult>
  </Results>
</TestRun>